# JRE version: Java(TM) SE Runtime Environment 18.9 (11.0.7+8) (build 11.0.7+8-LTS)
# Java VM: Java HotSpot(TM) 64-Bit Server VM 18.9 (11.0.7+8-LTS, mixed mode, tiered, compressed oops, g1 gc, windows-amd64)
Heap:
 garbage-first heap   total 61440K, used 26919K [0x0000000080000000, 0x0000000100000000)
  region size 1024K, 6 young (6144K), 4 survivors (4096K)
 Metaspace       used 36909K, capacity 37741K, committed 38012K, reserved 550912K
  class space    used 4704K, capacity 5018K, committed 5120K, reserved 516096K
GC Heap History (10 events):
Event: 82.486 GC heap before
{Heap before GC invocations=8 (full 0):
 garbage-first heap   total 61440K, used 43688K [0x0000000080000000, 0x0000000100000000)
  region size 1024K, 27 young (27648K), 2 survivors (2048K)
 Metaspace       used 26006K, capacity 26586K, committed 26800K, reserved 540672K
  class space    used 3326K, capacity 3552K, committed 3584K, reserved 516096K
}
Event: 82.495 GC heap after
{Heap after GC invocations=9 (full 0):
 garbage-first heap   total 61440K, used 19325K [0x0000000080000000, 0x0000000100000000)
  region size 1024K, 3 young (3072K), 3 survivors (3072K)
 Metaspace       used 26006K, capacity 26586K, committed 26800K, reserved 540672K
  class space    used 3326K, capacity 3552K, committed 3584K, reserved 516096K
}
Event: 83.908 GC heap before
{Heap before GC invocations=9 (full 0):
 garbage-first heap   total 61440K, used 44925K [0x0000000080000000, 0x0000000100000000)
  region size 1024K, 28 young (28672K), 3 survivors (3072K)
 Metaspace       used 28317K, capacity 28931K, committed 28976K, reserved 542720K
  class space    used 3693K, capacity 3958K, committed 3968K, reserved 516096K
}
Event: 83.914 GC heap after
{Heap after GC invocations=10 (full 0):
 garbage-first heap   total 61440K, used 20125K [0x0000000080000000, 0x0000000100000000)
  region size 1024K, 3 young (3072K), 3 survivors (3072K)
 Metaspace       used 28317K, capacity 28931K, committed 28976K, reserved 542720K
  class space    used 3693K, capacity 3958K, committed 3968K, reserved 516096K
}
Event: 90.910 GC heap before
{Heap before GC invocations=10 (full 0):
 garbage-first heap   total 61440K, used 45725K [0x0000000080000000, 0x0000000100000000)
  region size 1024K, 28 young (28672K), 3 survivors (3072K)
 Metaspace       used 31222K, capacity 31913K, committed 32048K, reserved 544768K
  class space    used 4125K, capacity 4376K, committed 4480K, reserved 516096K
}
Event: 90.932 GC heap after
{Heap after GC invocations=11 (full 0):
 garbage-first heap   total 61440K, used 20894K [0x0000000080000000, 0x0000000100000000)
  region size 1024K, 2 young (2048K), 2 survivors (2048K)
 Metaspace       used 31222K, capacity 31913K, committed 32048K, reserved 544768K
  class space    used 4125K, capacity 4376K, committed 4480K, reserved 516096K
}
Event: 93.809 GC heap before
{Heap before GC invocations=11 (full 0):
 garbage-first heap   total 61440K, used 30110K [0x0000000080000000, 0x0000000100000000)
  region size 1024K, 12 young (12288K), 2 survivors (2048K)
 Metaspace       used 34804K, capacity 35598K, committed 35708K, reserved 548864K
  class space    used 4464K, capacity 4774K, committed 4864K, reserved 516096K
}
Event: 93.822 GC heap after
{Heap after GC invocations=12 (full 0):
 garbage-first heap   total 61440K, used 22561K [0x0000000080000000, 0x0000000100000000)
  region size 1024K, 4 young (4096K), 4 survivors (4096K)
 Metaspace       used 34804K, capacity 35598K, committed 35708K, reserved 548864K
  class space    used 4464K, capacity 4774K, committed 4864K, reserved 516096K
}
Event: 96.027 GC heap before
{Heap before GC invocations=13 (full 0):
 garbage-first heap   total 61440K, used 43041K [0x0000000080000000, 0x0000000100000000)
  region size 1024K, 25 young (25600K), 4 survivors (4096K)
 Metaspace       used 36909K, capacity 37741K, committed 38012K, reserved 550912K
  class space    used 4704K, capacity 5018K, committed 5120K, reserved 516096K
}
Event: 96.044 GC heap after
{Heap after GC invocations=14 (full 0):
 garbage-first heap   total 61440K, used 25895K [0x0000000080000000, 0x0000000100000000)
  region size 1024K, 4 young (4096K), 4 survivors (4096K)
 Metaspace       used 36909K, capacity 37741K, committed 38012K, reserved 550912K
  class space    used 4704K, capacity 5018K, committed 5120K, reserved 516096K
}

